[2m2:15:02 PM[22m [31m[1m[vite][22m[39m [31mInternal server error: Failed to resolve import "./pages/ResetPassword" from "src/App.jsx". Does the file exist?[39m
  Plugin: [35mvite:import-analysis[39m
  File: [36mC:/Users/PC/Dropbox/My PC (DESKTOP-3D0RCM3)/Documents/New project 2/frontend/src/App.jsx[39m:15:26
[33m  29 |  import Analytics from "./pages/admin/Analytics";
  30 |  import Users from "./pages/admin/Users";
  31 |  import ResetPassword from "./pages/ResetPassword";
     |                             ^
  32 |  export default function App() {
  33 |    return /* @__PURE__ */ jsxDEV(BrowserRouter, { children: /* @__PURE__ */ jsxDEV(AuthProvider, { children: /* @__PURE__ */ jsxDEV(Routes, { children: [[39m
      at TransformPluginContext._formatError (file:///C:/Users/PC/Dropbox/My%20PC%20(DESKTOP-3D0RCM3)/Documents/New%20project%202/frontend/node_modules/vite/dist/node/chunks/dep-C6uTJdX2.js:49258:41)
      at TransformPluginContext.error (file:///C:/Users/PC/Dropbox/My%20PC%20(DESKTOP-3D0RCM3)/Documents/New%20project%202/frontend/node_modules/vite/dist/node/chunks/dep-C6uTJdX2.js:49253:16)
      at normalizeUrl (file:///C:/Users/PC/Dropbox/My%20PC%20(DESKTOP-3D0RCM3)/Documents/New%20project%202/frontend/node_modules/vite/dist/node/chunks/dep-C6uTJdX2.js:64291:23)
      at process.processTicksAndRejections (node:internal/process/task_queues:103:5)
      at async file:///C:/Users/PC/Dropbox/My%20PC%20(DESKTOP-3D0RCM3)/Documents/New%20project%202/frontend/node_modules/vite/dist/node/chunks/dep-C6uTJdX2.js:64423:39
      at async Promise.all (index 17)
      at async TransformPluginContext.transform (file:///C:/Users/PC/Dropbox/My%20PC%20(DESKTOP-3D0RCM3)/Documents/New%20project%202/frontend/node_modules/vite/dist/node/chunks/dep-C6uTJdX2.js:64350:7)
      at async PluginContainer.transform (file:///C:/Users/PC/Dropbox/My%20PC%20(DESKTOP-3D0RCM3)/Documents/New%20project%202/frontend/node_modules/vite/dist/node/chunks/dep-C6uTJdX2.js:49099:18)
      at async loadAndTransform (file:///C:/Users/PC/Dropbox/My%20PC%20(DESKTOP-3D0RCM3)/Documents/New%20project%202/frontend/node_modules/vite/dist/node/chunks/dep-C6uTJdX2.js:51977:27)
      at async viteTransformMiddleware (file:///C:/Users/PC/Dropbox/My%20PC%20(DESKTOP-3D0RCM3)/Documents/New%20project%202/frontend/node_modules/vite/dist/node/chunks/dep-C6uTJdX2.js:62105:24)
[2m2:15:03 PM[22m [31m[1m[vite][22m[39m Pre-transform error: Failed to resolve import "./pages/ResetPassword" from "src/App.jsx". Does the file exist?
[2m2:15:03 PM[22m [31m[1m[vite][22m[39m [31mInternal server error: Failed to resolve import "./pages/ResetPassword" from "src/App.jsx". Does the file exist?[39m
  Plugin: [35mvite:import-analysis[39m
  File: [36mC:/Users/PC/Dropbox/My PC (DESKTOP-3D0RCM3)/Documents/New project 2/frontend/src/App.jsx[39m:15:26
[33m  29 |  import Analytics from "./pages/admin/Analytics";
  30 |  import Users from "./pages/admin/Users";
  31 |  import ResetPassword from "./pages/ResetPassword";
     |                             ^
  32 |  export default function App() {
  33 |    return /* @__PURE__ */ jsxDEV(BrowserRouter, { children: /* @__PURE__ */ jsxDEV(AuthProvider, { children: /* @__PURE__ */ jsxDEV(Routes, { children: [[39m
      at TransformPluginContext._formatError (file:///C:/Users/PC/Dropbox/My%20PC%20(DESKTOP-3D0RCM3)/Documents/New%20project%202/frontend/node_modules/vite/dist/node/chunks/dep-C6uTJdX2.js:49258:41)
      at TransformPluginContext.error (file:///C:/Users/PC/Dropbox/My%20PC%20(DESKTOP-3D0RCM3)/Documents/New%20project%202/frontend/node_modules/vite/dist/node/chunks/dep-C6uTJdX2.js:49253:16)
      at normalizeUrl (file:///C:/Users/PC/Dropbox/My%20PC%20(DESKTOP-3D0RCM3)/Documents/New%20project%202/frontend/node_modules/vite/dist/node/chunks/dep-C6uTJdX2.js:64291:23)
      at process.processTicksAndRejections (node:internal/process/task_queues:103:5)
      at async file:///C:/Users/PC/Dropbox/My%20PC%20(DESKTOP-3D0RCM3)/Documents/New%20project%202/frontend/node_modules/vite/dist/node/chunks/dep-C6uTJdX2.js:64423:39
      at async Promise.all (index 17)
      at async TransformPluginContext.transform (file:///C:/Users/PC/Dropbox/My%20PC%20(DESKTOP-3D0RCM3)/Documents/New%20project%202/frontend/node_modules/vite/dist/node/chunks/dep-C6uTJdX2.js:64350:7)
      at async PluginContainer.transform (file:///C:/Users/PC/Dropbox/My%20PC%20(DESKTOP-3D0RCM3)/Documents/New%20project%202/frontend/node_modules/vite/dist/node/chunks/dep-C6uTJdX2.js:49099:18)
      at async loadAndTransform (file:///C:/Users/PC/Dropbox/My%20PC%20(DESKTOP-3D0RCM3)/Documents/New%20project%202/frontend/node_modules/vite/dist/node/chunks/dep-C6uTJdX2.js:51977:27)
      at async viteTransformMiddleware (file:///C:/Users/PC/Dropbox/My%20PC%20(DESKTOP-3D0RCM3)/Documents/New%20project%202/frontend/node_modules/vite/dist/node/chunks/dep-C6uTJdX2.js:62105:24)
